C:\USERS\GUSTAVO\DOCUMENTS\VISUAL STUDIO 2012\PROJECTS\ASDA1CLIENTPATCH\ASDA1CLIENTPATCH\DEBUG\MAIN.OBJ
C:\USERS\GUSTAVO\DOCUMENTS\VISUAL STUDIO 2012\PROJECTS\ASDA1CLIENTPATCH\ASDA1CLIENTPATCH\DEBUG\VC110.PDB
C:\USERS\GUSTAVO\DOCUMENTS\VISUAL STUDIO 2012\PROJECTS\ASDA1CLIENTPATCH\DEBUG\ASDA1CLIENTPATCH.ILK
C:\USERS\GUSTAVO\DOCUMENTS\VISUAL STUDIO 2012\PROJECTS\ASDA1CLIENTPATCH\DEBUG\ASDA1CLIENTPATCH.DLL
C:\USERS\GUSTAVO\DOCUMENTS\VISUAL STUDIO 2012\PROJECTS\ASDA1CLIENTPATCH\DEBUG\ASDA1CLIENTPATCH.PDB
c:\Users\Gustavo\documents\visual studio 2012\Projects\Asda1ClientPatch\Asda1ClientPatch\Debug\Main.obj
c:\Users\Gustavo\documents\visual studio 2012\Projects\Asda1ClientPatch\Asda1ClientPatch\Debug\cl.command.1.tlog
c:\Users\Gustavo\documents\visual studio 2012\Projects\Asda1ClientPatch\Asda1ClientPatch\Debug\CL.read.1.tlog
c:\Users\Gustavo\documents\visual studio 2012\Projects\Asda1ClientPatch\Asda1ClientPatch\Debug\CL.write.1.tlog
c:\Users\Gustavo\documents\visual studio 2012\Projects\Asda1ClientPatch\Asda1ClientPatch\Debug\link-cvtres.read.1.tlog
c:\Users\Gustavo\documents\visual studio 2012\Projects\Asda1ClientPatch\Asda1ClientPatch\Debug\link-cvtres.write.1.tlog
c:\Users\Gustavo\documents\visual studio 2012\Projects\Asda1ClientPatch\Asda1ClientPatch\Debug\link-rc.read.1.tlog
c:\Users\Gustavo\documents\visual studio 2012\Projects\Asda1ClientPatch\Asda1ClientPatch\Debug\link-rc.write.1.tlog
c:\Users\Gustavo\documents\visual studio 2012\Projects\Asda1ClientPatch\Asda1ClientPatch\Debug\link.command.1.tlog
c:\Users\Gustavo\documents\visual studio 2012\Projects\Asda1ClientPatch\Asda1ClientPatch\Debug\link.read.1.tlog
c:\Users\Gustavo\documents\visual studio 2012\Projects\Asda1ClientPatch\Asda1ClientPatch\Debug\link.write.1.tlog
c:\Users\Gustavo\documents\visual studio 2012\Projects\Asda1ClientPatch\Asda1ClientPatch\Debug\vc110.idb
c:\Users\Gustavo\documents\visual studio 2012\Projects\Asda1ClientPatch\Asda1ClientPatch\Debug\vc110.pdb
c:\users\gustavo\documents\visual studio 2012\Projects\Asda1ClientPatch\Debug\Asda1ClientPatch.pdb
c:\users\gustavo\documents\visual studio 2012\Projects\Asda1ClientPatch\Debug\Asda1ClientPatch.dll
c:\users\gustavo\documents\visual studio 2012\Projects\Asda1ClientPatch\Debug\Asda1ClientPatch.ilk
